<?xml version="1.0" encoding="UTF-8"?>
<!-- Generated by org.testng.reporters.JUnitReportReporter -->
<testsuite hostname="MYSHEC630325L" failures="0" tests="5" name="testCases.TC003_LoginDDT" time="22.877" errors="0" timestamp="18 Feb 2026 05:07:53 GMT">
  <testcase classname="testCases.TC003_LoginDDT" name="verify_loginDDT" time="3.189"/>
  <testcase classname="testCases.TC003_LoginDDT" name="verify_loginDDT" time="2.607"/>
  <testcase classname="testCases.TC003_LoginDDT" name="verify_loginDDT" time="2.728"/>
  <testcase classname="testCases.TC003_LoginDDT" name="verify_loginDDT" time="11.893"/>
  <testcase classname="testCases.TC003_LoginDDT" name="verify_loginDDT" time="2.460"/>
</testsuite> <!-- testCases.TC003_LoginDDT -->
